   TOTIM (T)          HCON      HMAT     QDIR      QWELL        QMAT QCADS<->CON       QTUB1       QTUB2       QTUB3       QTUB4       QTUB5       QTUB6       NSTOR        QFIX        QLH     FHLQ (LQ)      CAUCHY CAUCHY (LQ) BREAK-DOWN CADS FLOW  QCADS<->CON    Q_CDSSTO    Q_CDSRCH
       100.0   20.00732704   20.0976   0.000       0.000       7.088       0.000      -7.088       0.000       0.000       0.000       0.000       0.000        0.000       0.000       0.000       0.000       0.000       0.000                             0.000       0.000       0.000    
       110.0   20.00729063   20.0975   0.000       0.000       7.085       0.000      -7.085       0.000       0.000       0.000       0.000       0.000        0.000       0.000       0.000       0.000       0.000       0.000                             0.000       0.000       0.000    
       120.0   20.00729063   20.0975   0.000       0.000       7.085       0.000      -7.085       0.000       0.000       0.000       0.000       0.000        0.000       0.000       0.000       0.000       0.000       0.000                             0.000       0.000       0.000    
       130.0   20.00729063   20.0975   0.000       0.000       7.085       0.000      -7.085       0.000       0.000       0.000       0.000       0.000        0.000       0.000       0.000       0.000       0.000       0.000                             0.000       0.000       0.000    
       140.0   20.00729063   20.0975   0.000       0.000       7.085       0.000      -7.085       0.000       0.000       0.000       0.000       0.000        0.000       0.000       0.000       0.000       0.000       0.000                             0.000       0.000       0.000    
       150.0   20.00729063   20.0975   0.000       0.000       7.085       0.000      -7.085       0.000       0.000       0.000       0.000       0.000        0.000       0.000       0.000       0.000       0.000       0.000                             0.000       0.000       0.000    
       160.0   20.00729063   20.0975   0.000       0.000       7.085       0.000      -7.085       0.000       0.000       0.000       0.000       0.000        0.000       0.000       0.000       0.000       0.000       0.000                             0.000       0.000       0.000    
       170.0   20.00729063   20.0975   0.000       0.000       7.085       0.000      -7.085       0.000       0.000       0.000       0.000       0.000        0.000       0.000       0.000       0.000       0.000       0.000                             0.000       0.000       0.000    
       180.0   20.00729063   20.0975   0.000       0.000       7.085       0.000      -7.085       0.000       0.000       0.000       0.000       0.000        0.000       0.000       0.000       0.000       0.000       0.000                             0.000       0.000       0.000    
       190.0   20.00729063   20.0975   0.000       0.000       7.085       0.000      -7.085       0.000       0.000       0.000       0.000       0.000        0.000       0.000       0.000       0.000       0.000       0.000                             0.000       0.000       0.000    
       200.0   20.00729063   20.0975   0.000       0.000       7.085       0.000      -7.085       0.000       0.000       0.000       0.000       0.000        0.000       0.000       0.000       0.000       0.000       0.000                             0.000       0.000       0.000    
       210.0   20.00730883   20.0975   0.000       0.000       7.087       0.000      -7.087       0.000       0.000       0.000       0.000       0.000        0.000       0.000       0.000       0.000       0.000       0.000                             0.000       0.000       0.000    
       220.0   20.00730883   20.0975   0.000       0.000       7.087       0.000      -7.087       0.000       0.000       0.000       0.000       0.000        0.000       0.000       0.000       0.000       0.000       0.000                             0.000       0.000       0.000    
       230.0   20.00730883   20.0975   0.000       0.000       7.087       0.000      -7.087       0.000       0.000       0.000       0.000       0.000        0.000       0.000       0.000       0.000       0.000       0.000                             0.000       0.000       0.000    
       240.0   20.00730883   20.0975   0.000       0.000       7.087       0.000      -7.087       0.000       0.000       0.000       0.000       0.000        0.000       0.000       0.000       0.000       0.000       0.000                             0.000       0.000       0.000    
       250.0   20.00730883   20.0975   0.000       0.000       7.087       0.000      -7.087       0.000       0.000       0.000       0.000       0.000        0.000       0.000       0.000       0.000       0.000       0.000                             0.000       0.000       0.000    
       260.0   20.00730883   20.0975   0.000       0.000       7.087       0.000      -7.087       0.000       0.000       0.000       0.000       0.000        0.000       0.000       0.000       0.000       0.000       0.000                             0.000       0.000       0.000    
       270.0   20.00730883   20.0975   0.000       0.000       7.087       0.000      -7.087       0.000       0.000       0.000       0.000       0.000        0.000       0.000       0.000       0.000       0.000       0.000                             0.000       0.000       0.000    
       280.0   20.00730883   20.0975   0.000       0.000       7.087       0.000      -7.087       0.000       0.000       0.000       0.000       0.000        0.000       0.000       0.000       0.000       0.000       0.000                             0.000       0.000       0.000    
       290.0   20.00730883   20.0975   0.000       0.000       7.087       0.000      -7.087       0.000       0.000       0.000       0.000       0.000        0.000       0.000       0.000       0.000       0.000       0.000                             0.000       0.000       0.000    
       300.0   20.00730883   20.0975   0.000       0.000       7.087       0.000      -7.087       0.000       0.000       0.000       0.000       0.000        0.000       0.000       0.000       0.000       0.000       0.000                             0.000       0.000       0.000    
       310.0   20.00732704   20.0976   0.000       0.000       7.088       0.000      -7.088       0.000       0.000       0.000       0.000       0.000        0.000       0.000       0.000       0.000       0.000       0.000                             0.000       0.000       0.000    
       320.0   20.00732704   20.0976   0.000       0.000       7.088       0.000      -7.088       0.000       0.000       0.000       0.000       0.000        0.000       0.000       0.000       0.000       0.000       0.000                             0.000       0.000       0.000    
       330.0   20.00732704   20.0976   0.000       0.000       7.088       0.000      -7.088       0.000       0.000       0.000       0.000       0.000        0.000       0.000       0.000       0.000       0.000       0.000                             0.000       0.000       0.000    
       340.0   20.00732704   20.0976   0.000       0.000       7.088       0.000      -7.088       0.000       0.000       0.000       0.000       0.000        0.000       0.000       0.000       0.000       0.000       0.000                             0.000       0.000       0.000    
       350.0   20.00732704   20.0976   0.000       0.000       7.088       0.000      -7.088       0.000       0.000       0.000       0.000       0.000        0.000       0.000       0.000       0.000       0.000       0.000                             0.000       0.000       0.000    
       360.0   20.00732704   20.0976   0.000       0.000       7.088       0.000      -7.088       0.000       0.000       0.000       0.000       0.000        0.000       0.000       0.000       0.000       0.000       0.000                             0.000       0.000       0.000    
       370.0   20.00732704   20.0976   0.000       0.000       7.088       0.000      -7.088       0.000       0.000       0.000       0.000       0.000        0.000       0.000       0.000       0.000       0.000       0.000                             0.000       0.000       0.000    
       380.0   20.00732704   20.0976   0.000       0.000       7.088       0.000      -7.088       0.000       0.000       0.000       0.000       0.000        0.000       0.000       0.000       0.000       0.000       0.000                             0.000       0.000       0.000    
       390.0   20.00732704   20.0976   0.000       0.000       7.088       0.000      -7.088       0.000       0.000       0.000       0.000       0.000        0.000       0.000       0.000       0.000       0.000       0.000                             0.000       0.000       0.000    
       400.0   20.00732704   20.0976   0.000       0.000       7.088       0.000      -7.088       0.000       0.000       0.000       0.000       0.000        0.000       0.000       0.000       0.000       0.000       0.000                             0.000       0.000       0.000    
       410.0   20.00730883   20.0975   0.000       0.000       7.087       0.000      -7.087       0.000       0.000       0.000       0.000       0.000        0.000       0.000       0.000       0.000       0.000       0.000                             0.000       0.000       0.000    
       420.0   20.00730883   20.0975   0.000       0.000       7.087       0.000      -7.087       0.000       0.000       0.000       0.000       0.000        0.000       0.000       0.000       0.000       0.000       0.000                             0.000       0.000       0.000    
       430.0   20.00730883   20.0975   0.000       0.000       7.087       0.000      -7.087       0.000       0.000       0.000       0.000       0.000        0.000       0.000       0.000       0.000       0.000       0.000                             0.000       0.000       0.000    
       440.0   20.00730883   20.0975   0.000       0.000       7.087       0.000      -7.087       0.000       0.000       0.000       0.000       0.000        0.000       0.000       0.000       0.000       0.000       0.000                             0.000       0.000       0.000    
       450.0   20.00730883   20.0975   0.000       0.000       7.087       0.000      -7.087       0.000       0.000       0.000       0.000       0.000        0.000       0.000       0.000       0.000       0.000       0.000                             0.000       0.000       0.000    
       460.0   20.00730883   20.0975   0.000       0.000       7.087       0.000      -7.087       0.000       0.000       0.000       0.000       0.000        0.000       0.000       0.000       0.000       0.000       0.000                             0.000       0.000       0.000    
       470.0   20.00730883   20.0975   0.000       0.000       7.087       0.000      -7.087       0.000       0.000       0.000       0.000       0.000        0.000       0.000       0.000       0.000       0.000       0.000                             0.000       0.000       0.000    
       480.0   20.00730883   20.0975   0.000       0.000       7.087       0.000      -7.087       0.000       0.000       0.000       0.000       0.000        0.000       0.000       0.000       0.000       0.000       0.000                             0.000       0.000       0.000    
       490.0   20.00730883   20.0975   0.000       0.000       7.087       0.000      -7.087       0.000       0.000       0.000       0.000       0.000        0.000       0.000       0.000       0.000       0.000       0.000                             0.000       0.000       0.000    
       500.0   20.00730883   20.0975   0.000       0.000       7.087       0.000      -7.087       0.000       0.000       0.000       0.000       0.000        0.000       0.000       0.000       0.000       0.000       0.000                             0.000       0.000       0.000    
